<?xml version="1.0" encoding="UTF-8"?>
<coverage generated="1773781500775" clover="3.2.0">
  <project timestamp="1773781500775" name="All files">
    <metrics statements="32" coveredstatements="32" conditionals="14" coveredconditionals="13" methods="14" coveredmethods="14" elements="60" coveredelements="59" complexity="0" loc="32" ncloc="32" packages="2" files="5" classes="5"/>
    <package name="src">
      <metrics statements="7" coveredstatements="7" conditionals="0" coveredconditionals="0" methods="4" coveredmethods="4"/>
      <file name="App.jsx" path="C:\Users\potha\OneDrive\FWD-2 S6\Labs\lab9\src\App.jsx">
        <metrics statements="7" coveredstatements="7" conditionals="0" coveredconditionals="0" methods="4" coveredmethods="4"/>
        <line num="7" count="1" type="stmt"/>
        <line num="14" count="3" type="stmt"/>
        <line num="16" count="3" type="stmt"/>
        <line num="17" count="1" type="stmt"/>
        <line num="20" count="3" type="stmt"/>
        <line num="21" count="1" type="stmt"/>
        <line num="24" count="3" type="stmt"/>
      </file>
    </package>
    <package name="src.components">
      <metrics statements="25" coveredstatements="25" conditionals="14" coveredconditionals="13" methods="10" coveredmethods="10"/>
      <file name="CartSummary.jsx" path="C:\Users\potha\OneDrive\FWD-2 S6\Labs\lab9\src\components\CartSummary.jsx">
        <metrics statements="3" coveredstatements="3" conditionals="0" coveredconditionals="0" methods="2" coveredmethods="2"/>
        <line num="3" count="1" type="stmt"/>
        <line num="4" count="3" type="stmt"/>
        <line num="6" count="3" type="stmt"/>
      </file>
      <file name="CheckoutForm.jsx" path="C:\Users\potha\OneDrive\FWD-2 S6\Labs\lab9\src\components\CheckoutForm.jsx">
        <metrics statements="14" coveredstatements="14" conditionals="10" coveredconditionals="9" methods="4" coveredmethods="4"/>
        <line num="3" count="2" type="stmt"/>
        <line num="4" count="28" type="stmt"/>
        <line num="5" count="28" type="stmt"/>
        <line num="6" count="28" type="stmt"/>
        <line num="8" count="28" type="stmt"/>
        <line num="9" count="1" type="stmt"/>
        <line num="10" count="1" type="cond" truecount="4" falsecount="1"/>
        <line num="11" count="1" type="stmt"/>
        <line num="12" count="1" type="stmt"/>
        <line num="16" count="28" type="cond" truecount="2" falsecount="0"/>
        <line num="17" count="1" type="stmt"/>
        <line num="20" count="27" type="stmt"/>
        <line num="28" count="8" type="stmt"/>
        <line num="36" count="15" type="stmt"/>
      </file>
      <file name="ProductCard.jsx" path="C:\Users\potha\OneDrive\FWD-2 S6\Labs\lab9\src\components\ProductCard.jsx">
        <metrics statements="3" coveredstatements="3" conditionals="0" coveredconditionals="0" methods="2" coveredmethods="2"/>
        <line num="3" count="3" type="stmt"/>
        <line num="4" count="13" type="stmt"/>
        <line num="8" count="2" type="stmt"/>
      </file>
      <file name="ProductList.jsx" path="C:\Users\potha\OneDrive\FWD-2 S6\Labs\lab9\src\components\ProductList.jsx">
        <metrics statements="5" coveredstatements="5" conditionals="4" coveredconditionals="4" methods="2" coveredmethods="2"/>
        <line num="4" count="2" type="stmt"/>
        <line num="5" count="5" type="cond" truecount="4" falsecount="0"/>
        <line num="6" count="1" type="stmt"/>
        <line num="9" count="4" type="stmt"/>
        <line num="12" count="11" type="stmt"/>
      </file>
    </package>
  </project>
</coverage>
