{"C:\\Users\\potha\\OneDrive\\FWD-2 S6\\Labs\\lab9\\src\\App.jsx": {"path":"C:\\Users\\potha\\OneDrive\\FWD-2 S6\\Labs\\lab9\\src\\App.jsx","statementMap":{"0":{"start":{"line":6,"column":22},"end":{"line":10,"column":1}},"1":{"start":{"line":13,"column":26},"end":{"line":13,"column":38}},"2":{"start":{"line":15,"column":20},"end":{"line":17,"column":3}},"3":{"start":{"line":16,"column":4},"end":{"line":16,"column":50}},"4":{"start":{"line":16,"column":26},"end":{"line":16,"column":48}},"5":{"start":{"line":19,"column":20},"end":{"line":21,"column":3}},"6":{"start":{"line":20,"column":4},"end":{"line":20,"column":16}},"7":{"start":{"line":23,"column":2},"end":{"line":36,"column":4}}},"fnMap":{"0":{"name":"App","decl":{"start":{"line":12,"column":9},"end":{"line":12,"column":12}},"loc":{"start":{"line":12,"column":15},"end":{"line":37,"column":1}},"line":12},"1":{"name":"(anonymous_1)","decl":{"start":{"line":15,"column":20},"end":{"line":15,"column":21}},"loc":{"start":{"line":15,"column":33},"end":{"line":17,"column":3}},"line":15},"2":{"name":"(anonymous_2)","decl":{"start":{"line":16,"column":12},"end":{"line":16,"column":13}},"loc":{"start":{"line":16,"column":26},"end":{"line":16,"column":48}},"line":16},"3":{"name":"(anonymous_3)","decl":{"start":{"line":19,"column":20},"end":{"line":19,"column":21}},"loc":{"start":{"line":19,"column":26},"end":{"line":21,"column":3}},"line":19}},"branchMap":{},"s":{"0":1,"1":3,"2":3,"3":1,"4":1,"5":3,"6":1,"7":3},"f":{"0":3,"1":1,"2":1,"3":1},"b":{},"_coverageSchema":"1a1c01bbd47fc00a2c39e90264f33305004495a9","hash":"d6fad50ced0cd4dd1d21601a0a0fb58f1f713bb8"}
,"C:\\Users\\potha\\OneDrive\\FWD-2 S6\\Labs\\lab9\\src\\components\\CartSummary.jsx": {"path":"C:\\Users\\potha\\OneDrive\\FWD-2 S6\\Labs\\lab9\\src\\components\\CartSummary.jsx","statementMap":{"0":{"start":{"line":3,"column":20},"end":{"line":16,"column":1}},"1":{"start":{"line":4,"column":18},"end":{"line":4,"column":70}},"2":{"start":{"line":4,"column":50},"end":{"line":4,"column":66}},"3":{"start":{"line":6,"column":4},"end":{"line":15,"column":6}}},"fnMap":{"0":{"name":"(anonymous_0)","decl":{"start":{"line":3,"column":20},"end":{"line":3,"column":21}},"loc":{"start":{"line":3,"column":50},"end":{"line":16,"column":1}},"line":3},"1":{"name":"(anonymous_1)","decl":{"start":{"line":4,"column":35},"end":{"line":4,"column":36}},"loc":{"start":{"line":4,"column":50},"end":{"line":4,"column":66}},"line":4}},"branchMap":{},"s":{"0":1,"1":3,"2":1,"3":3},"f":{"0":3,"1":1},"b":{},"_coverageSchema":"1a1c01bbd47fc00a2c39e90264f33305004495a9","hash":"2efea9d4ed429913d73890a285bc69178c9f5323"}
,"C:\\Users\\potha\\OneDrive\\FWD-2 S6\\Labs\\lab9\\src\\components\\ProductCard.jsx": {"path":"C:\\Users\\potha\\OneDrive\\FWD-2 S6\\Labs\\lab9\\src\\components\\ProductCard.jsx","statementMap":{"0":{"start":{"line":3,"column":20},"end":{"line":11,"column":1}},"1":{"start":{"line":4,"column":4},"end":{"line":10,"column":6}},"2":{"start":{"line":8,"column":35},"end":{"line":8,"column":53}}},"fnMap":{"0":{"name":"(anonymous_0)","decl":{"start":{"line":3,"column":20},"end":{"line":3,"column":21}},"loc":{"start":{"line":3,"column":48},"end":{"line":11,"column":1}},"line":3},"1":{"name":"(anonymous_1)","decl":{"start":{"line":8,"column":29},"end":{"line":8,"column":30}},"loc":{"start":{"line":8,"column":35},"end":{"line":8,"column":53}},"line":8}},"branchMap":{},"s":{"0":3,"1":13,"2":2},"f":{"0":13,"1":2},"b":{},"_coverageSchema":"1a1c01bbd47fc00a2c39e90264f33305004495a9","hash":"15f4b0663cea9c0ae0e9e0b3f6f0ba5dd4401605"}
,"C:\\Users\\potha\\OneDrive\\FWD-2 S6\\Labs\\lab9\\src\\components\\ProductList.jsx": {"path":"C:\\Users\\potha\\OneDrive\\FWD-2 S6\\Labs\\lab9\\src\\components\\ProductList.jsx","statementMap":{"0":{"start":{"line":4,"column":20},"end":{"line":16,"column":1}},"1":{"start":{"line":5,"column":4},"end":{"line":7,"column":5}},"2":{"start":{"line":6,"column":8},"end":{"line":6,"column":45}},"3":{"start":{"line":9,"column":4},"end":{"line":15,"column":6}},"4":{"start":{"line":12,"column":16},"end":{"line":12,"column":88}}},"fnMap":{"0":{"name":"(anonymous_0)","decl":{"start":{"line":4,"column":20},"end":{"line":4,"column":21}},"loc":{"start":{"line":4,"column":49},"end":{"line":16,"column":1}},"line":4},"1":{"name":"(anonymous_1)","decl":{"start":{"line":11,"column":26},"end":{"line":11,"column":27}},"loc":{"start":{"line":12,"column":16},"end":{"line":12,"column":88}},"line":12}},"branchMap":{"0":{"loc":{"start":{"line":5,"column":4},"end":{"line":7,"column":5}},"type":"if","locations":[{"start":{"line":5,"column":4},"end":{"line":7,"column":5}},{"start":{},"end":{}}],"line":5},"1":{"loc":{"start":{"line":5,"column":8},"end":{"line":5,"column":42}},"type":"binary-expr","locations":[{"start":{"line":5,"column":8},"end":{"line":5,"column":17}},{"start":{"line":5,"column":21},"end":{"line":5,"column":42}}],"line":5}},"s":{"0":2,"1":5,"2":1,"3":4,"4":11},"f":{"0":5,"1":11},"b":{"0":[1,4],"1":[5,5]},"_coverageSchema":"1a1c01bbd47fc00a2c39e90264f33305004495a9","hash":"696966367ebd5b3ce04f664340ae0afb4be8c279"}
}
