TN:
SF:src\App.jsx
FN:13,App
FN:16,(anonymous_1)
FN:17,(anonymous_2)
FN:20,(anonymous_3)
FNF:4
FNH:4
FNDA:3,App
FNDA:1,(anonymous_1)
FNDA:1,(anonymous_2)
FNDA:1,(anonymous_3)
DA:7,1
DA:14,3
DA:16,3
DA:17,1
DA:20,3
DA:21,1
DA:24,3
LF:7
LH:7
BRF:0
BRH:0
end_of_record
TN:
SF:src\components\CartSummary.jsx
FN:3,(anonymous_0)
FN:4,(anonymous_1)
FNF:2
FNH:2
FNDA:3,(anonymous_0)
FNDA:1,(anonymous_1)
DA:3,1
DA:4,3
DA:6,3
LF:3
LH:3
BRF:0
BRH:0
end_of_record
TN:
SF:src\components\CheckoutForm.jsx
FN:3,(anonymous_0)
FN:8,(anonymous_1)
FN:28,(anonymous_2)
FN:36,(anonymous_3)
FNF:4
FNH:4
FNDA:28,(anonymous_0)
FNDA:1,(anonymous_1)
FNDA:8,(anonymous_2)
FNDA:15,(anonymous_3)
DA:3,2
DA:4,28
DA:5,28
DA:6,28
DA:8,28
DA:9,1
DA:10,1
DA:11,1
DA:12,1
DA:16,28
DA:17,1
DA:20,27
DA:28,8
DA:36,15
LF:14
LH:14
BRDA:10,0,0,1
BRDA:10,0,1,0
BRDA:10,1,0,1
BRDA:10,1,1,1
BRDA:10,1,2,1
BRDA:16,2,0,1
BRDA:16,2,1,27
BRDA:43,3,0,27
BRDA:43,3,1,25
BRDA:43,3,2,23
BRF:10
BRH:9
end_of_record
TN:
SF:src\components\ProductCard.jsx
FN:3,(anonymous_0)
FN:8,(anonymous_1)
FNF:2
FNH:2
FNDA:13,(anonymous_0)
FNDA:2,(anonymous_1)
DA:3,3
DA:4,13
DA:8,2
LF:3
LH:3
BRF:0
BRH:0
end_of_record
TN:
SF:src\components\ProductList.jsx
FN:4,(anonymous_0)
FN:11,(anonymous_1)
FNF:2
FNH:2
FNDA:5,(anonymous_0)
FNDA:11,(anonymous_1)
DA:4,2
DA:5,5
DA:6,1
DA:9,4
DA:12,11
LF:5
LH:5
BRDA:5,0,0,1
BRDA:5,0,1,4
BRDA:5,1,0,5
BRDA:5,1,1,5
BRF:4
BRH:4
end_of_record
